<?xml version="1.0" encoding="UTF-8"?>
<testsuite xmlns:xsi="http://www.w3.org/2001/XMLSchema-instance" xsi:noNamespaceSchemaLocation="https://maven.apache.org/surefire/maven-surefire-plugin/xsd/surefire-test-report.xsd" name="com.example.demo.services.impl.TransactionServiceTest" time="0.743" tests="3" errors="0" skipped="0" failures="0">
  <properties>
[...]
</properties>
  <testcase name="createTransaction_success" classname="com.example.demo.services.impl.TransactionServiceTest" time="0.714"/>
  <testcase name="createTransaction_accountNotFound" classname="com.example.demo.services.impl.TransactionServiceTest" time="0.004"/>
  <testcase name="createTransaction_insufficientBalance" classname="com.example.demo.services.impl.TransactionServiceTest" time="0.003"/>
</testsuite>